# JRE version: OpenJDK Runtime Environment (11.0.26+4) (build 11.0.26+4-post-Debian-1deb11u1)
# Java VM: OpenJDK 64-Bit Server VM (11.0.26+4-post-Debian-1deb11u1, mixed mode, sharing, tiered, compressed oops, g1 gc, linux-amd64)
Heap:
 garbage-first heap   total 20480K, used 5472K [0x0000000706400000, 0x0000000800000000)
  region size 1024K, 1 young (1024K), 0 survivors (0K)
 Metaspace       used 2283K, capacity 4901K, committed 5120K, reserved 1056768K
  class space    used 203K, capacity 457K, committed 512K, reserved 1048576K
GC Heap History (16 events):
Event: 0.502 GC heap before
{Heap before GC invocations=0 (full 0):
 garbage-first heap   total 258048K, used 3792K [0x0000000706400000, 0x0000000800000000)
  region size 1024K, 4 young (4096K), 0 survivors (0K)
 Metaspace       used 1643K, capacity 4720K, committed 4864K, reserved 1056768K
  class space    used 151K, capacity 443K, committed 512K, reserved 1048576K
}
Event: 0.508 GC heap after
{Heap after GC invocations=1 (full 1):
 garbage-first heap   total 20480K, used 1705K [0x0000000706400000, 0x0000000800000000)
  region size 1024K, 0 young (0K), 0 survivors (0K)
 Metaspace       used 1643K, capacity 4720K, committed 4864K, reserved 1056768K
  class space    used 151K, capacity 443K, committed 512K, reserved 1048576K
}
Event: 5.514 GC heap before
{Heap before GC invocations=1 (full 1):
 garbage-first heap   total 20480K, used 7849K [0x0000000706400000, 0x0000000800000000)
  region size 1024K, 6 young (6144K), 0 survivors (0K)
 Metaspace       used 2153K, capacity 4900K, committed 5120K, reserved 1056768K
  class space    used 197K, capacity 457K, committed 512K, reserved 1048576K
}
Event: 5.515 GC heap after
{Heap after GC invocations=2 (full 1):
 garbage-first heap   total 20480K, used 2309K [0x0000000706400000, 0x0000000800000000)
  region size 1024K, 1 young (1024K), 1 survivors (1024K)
 Metaspace       used 2153K, capacity 4900K, committed 5120K, reserved 1056768K
  class space    used 197K, capacity 457K, committed 512K, reserved 1048576K
}
Event: 5.529 GC heap before
{Heap before GC invocations=2 (full 1):
 garbage-first heap   total 20480K, used 10501K [0x0000000706400000, 0x0000000800000000)
  region size 1024K, 9 young (9216K), 1 survivors (1024K)
 Metaspace       used 2158K, capacity 4900K, committed 5120K, reserved 1056768K
  class space    used 197K, capacity 457K, committed 512K, reserved 1048576K
}
Event: 5.531 GC heap after
{Heap after GC invocations=3 (full 1):
 garbage-first heap   total 20480K, used 3072K [0x0000000706400000, 0x0000000800000000)
  region size 1024K, 2 young (2048K), 2 survivors (2048K)
 Metaspace       used 2158K, capacity 4900K, committed 5120K, reserved 1056768K
  class space    used 197K, capacity 457K, committed 512K, reserved 1048576K
}
Event: 5.540 GC heap before
{Heap before GC invocations=3 (full 1):
 garbage-first heap   total 20480K, used 10240K [0x0000000706400000, 0x0000000800000000)
  region size 1024K, 9 young (9216K), 2 survivors (2048K)
 Metaspace       used 2171K, capacity 4900K, committed 5120K, reserved 1056768K
  class space    used 197K, capacity 457K, committed 512K, reserved 1048576K
}
Event: 5.541 GC heap after
{Heap after GC invocations=4 (full 1):
 garbage-first heap   total 20480K, used 3762K [0x0000000706400000, 0x0000000800000000)
  region size 1024K, 2 young (2048K), 2 survivors (2048K)
 Metaspace       used 2171K, capacity 4900K, committed 5120K, reserved 1056768K
  class space    used 197K, capacity 457K, committed 512K, reserved 1048576K
}
Event: 5.548 GC heap before
{Heap before GC invocations=4 (full 1):
 garbage-first heap   total 20480K, used 9906K [0x0000000706400000, 0x0000000800000000)
  region size 1024K, 8 young (8192K), 2 survivors (2048K)
 Metaspace       used 2172K, capacity 4900K, committed 5120K, reserved 1056768K
  class space    used 197K, capacity 457K, committed 512K, reserved 1048576K
}
Event: 5.549 GC heap after
{Heap after GC invocations=5 (full 1):
 garbage-first heap   total 20480K, used 4383K [0x0000000706400000, 0x0000000800000000)
  region size 1024K, 1 young (1024K), 1 survivors (1024K)
 Metaspace       used 2172K, capacity 4900K, committed 5120K, reserved 1056768K
  class space    used 197K, capacity 457K, committed 512K, reserved 1048576K
}
Event: 5.558 GC heap before
{Heap before GC invocations=5 (full 1):
 garbage-first heap   total 20480K, used 10527K [0x0000000706400000, 0x0000000800000000)
  region size 1024K, 7 young (7168K), 1 survivors (1024K)
 Metaspace       used 2194K, capacity 4900K, committed 5120K, reserved 1056768K
  class space    used 197K, capacity 457K, committed 512K, reserved 1048576K
}
Event: 5.559 GC heap after
{Heap after GC invocations=6 (full 1):
 garbage-first heap   total 20480K, used 4870K [0x0000000706400000, 0x0000000800000000)
  region size 1024K, 1 young (1024K), 1 survivors (1024K)
 Metaspace       used 2194K, capacity 4900K, committed 5120K, reserved 1056768K
  class space    used 197K, capacity 457K, committed 512K, reserved 1048576K
}
Event: 5.567 GC heap before
{Heap before GC invocations=6 (full 1):
 garbage-first heap   total 20480K, used 9990K [0x0000000706400000, 0x0000000800000000)
  region size 1024K, 6 young (6144K), 1 survivors (1024K)
 Metaspace       used 2205K, capacity 4900K, committed 5120K, reserved 1056768K
  class space    used 197K, capacity 457K, committed 512K, reserved 1048576K
}
Event: 5.568 GC heap after
{Heap after GC invocations=7 (full 1):
 garbage-first heap   total 20480K, used 5360K [0x0000000706400000, 0x0000000800000000)
  region size 1024K, 1 young (1024K), 1 survivors (1024K)
 Metaspace       used 2205K, capacity 4900K, committed 5120K, reserved 1056768K
  class space    used 197K, capacity 457K, committed 512K, reserved 1048576K
}
Event: 18.002 GC heap before
{Heap before GC invocations=7 (full 1):
 garbage-first heap   total 20480K, used 7408K [0x0000000706400000, 0x0000000800000000)
  region size 1024K, 4 young (4096K), 1 survivors (1024K)
 Metaspace       used 2268K, capacity 4901K, committed 5120K, reserved 1056768K
  class space    used 200K, capacity 457K, committed 512K, reserved 1048576K
}
Event: 18.021 GC heap after
{Heap after GC invocations=8 (full 2):
 garbage-first heap   total 20480K, used 5472K [0x0000000706400000, 0x0000000800000000)
  region size 1024K, 0 young (0K), 0 survivors (0K)
 Metaspace       used 2268K, capacity 4901K, committed 5120K, reserved 1056768K
  class space    used 200K, capacity 457K, committed 512K, reserved 1048576K
}

