# JRE version: OpenJDK Runtime Environment (11.0.26+4) (build 11.0.26+4-post-Debian-1deb11u1)
# Java VM: OpenJDK 64-Bit Server VM (11.0.26+4-post-Debian-1deb11u1, mixed mode, sharing, tiered, compressed oops, g1 gc, linux-amd64)
Heap:
 garbage-first heap   total 20480K, used 9298K [0x0000000706400000, 0x0000000800000000)
  region size 1024K, 6 young (6144K), 1 survivors (1024K)
 Metaspace       used 2301K, capacity 4901K, committed 5120K, reserved 1056768K
  class space    used 203K, capacity 457K, committed 512K, reserved 1048576K
GC Heap History (12 events):
Event: 0.605 GC heap before
{Heap before GC invocations=0 (full 0):
 garbage-first heap   total 258048K, used 3792K [0x0000000706400000, 0x0000000800000000)
  region size 1024K, 4 young (4096K), 0 survivors (0K)
 Metaspace       used 1668K, capacity 4720K, committed 4864K, reserved 1056768K
  class space    used 151K, capacity 443K, committed 512K, reserved 1048576K
}
Event: 0.612 GC heap after
{Heap after GC invocations=1 (full 1):
 garbage-first heap   total 20480K, used 1695K [0x0000000706400000, 0x0000000800000000)
  region size 1024K, 0 young (0K), 0 survivors (0K)
 Metaspace       used 1668K, capacity 4720K, committed 4864K, reserved 1056768K
  class space    used 151K, capacity 443K, committed 512K, reserved 1048576K
}
Event: 6.405 GC heap before
{Heap before GC invocations=1 (full 1):
 garbage-first heap   total 20480K, used 7839K [0x0000000706400000, 0x0000000800000000)
  region size 1024K, 6 young (6144K), 0 survivors (0K)
 Metaspace       used 2155K, capacity 4900K, committed 5120K, reserved 1056768K
  class space    used 197K, capacity 457K, committed 512K, reserved 1048576K
}
Event: 6.407 GC heap after
{Heap after GC invocations=2 (full 1):
 garbage-first heap   total 20480K, used 2308K [0x0000000706400000, 0x0000000800000000)
  region size 1024K, 1 young (1024K), 1 survivors (1024K)
 Metaspace       used 2155K, capacity 4900K, committed 5120K, reserved 1056768K
  class space    used 197K, capacity 457K, committed 512K, reserved 1048576K
}
Event: 6.429 GC heap before
{Heap before GC invocations=2 (full 1):
 garbage-first heap   total 20480K, used 10500K [0x0000000706400000, 0x0000000800000000)
  region size 1024K, 9 young (9216K), 1 survivors (1024K)
 Metaspace       used 2168K, capacity 4900K, committed 5120K, reserved 1056768K
  class space    used 197K, capacity 457K, committed 512K, reserved 1048576K
}
Event: 6.431 GC heap after
{Heap after GC invocations=3 (full 1):
 garbage-first heap   total 20480K, used 3069K [0x0000000706400000, 0x0000000800000000)
  region size 1024K, 2 young (2048K), 2 survivors (2048K)
 Metaspace       used 2168K, capacity 4900K, committed 5120K, reserved 1056768K
  class space    used 197K, capacity 457K, committed 512K, reserved 1048576K
}
Event: 6.451 GC heap before
{Heap before GC invocations=3 (full 1):
 garbage-first heap   total 20480K, used 10237K [0x0000000706400000, 0x0000000800000000)
  region size 1024K, 9 young (9216K), 2 survivors (2048K)
 Metaspace       used 2181K, capacity 4900K, committed 5120K, reserved 1056768K
  class space    used 197K, capacity 457K, committed 512K, reserved 1048576K
}
Event: 6.453 GC heap after
{Heap after GC invocations=4 (full 1):
 garbage-first heap   total 20480K, used 3765K [0x0000000706400000, 0x0000000800000000)
  region size 1024K, 2 young (2048K), 2 survivors (2048K)
 Metaspace       used 2181K, capacity 4900K, committed 5120K, reserved 1056768K
  class space    used 197K, capacity 457K, committed 512K, reserved 1048576K
}
Event: 6.460 GC heap before
{Heap before GC invocations=4 (full 1):
 garbage-first heap   total 20480K, used 9909K [0x0000000706400000, 0x0000000800000000)
  region size 1024K, 8 young (8192K), 2 survivors (2048K)
 Metaspace       used 2183K, capacity 4900K, committed 5120K, reserved 1056768K
  class space    used 197K, capacity 457K, committed 512K, reserved 1048576K
}
Event: 6.462 GC heap after
{Heap after GC invocations=5 (full 1):
 garbage-first heap   total 20480K, used 4508K [0x0000000706400000, 0x0000000800000000)
  region size 1024K, 1 young (1024K), 1 survivors (1024K)
 Metaspace       used 2183K, capacity 4900K, committed 5120K, reserved 1056768K
  class space    used 197K, capacity 457K, committed 512K, reserved 1048576K
}
Event: 6.475 GC heap before
{Heap before GC invocations=5 (full 1):
 garbage-first heap   total 20480K, used 10652K [0x0000000706400000, 0x0000000800000000)
  region size 1024K, 7 young (7168K), 1 survivors (1024K)
 Metaspace       used 2215K, capacity 4900K, committed 5120K, reserved 1056768K
  class space    used 197K, capacity 457K, committed 512K, reserved 1048576K
}
Event: 6.476 GC heap after
{Heap after GC invocations=6 (full 1):
 garbage-first heap   total 20480K, used 5202K [0x0000000706400000, 0x0000000800000000)
  region size 1024K, 1 young (1024K), 1 survivors (1024K)
 Metaspace       used 2215K, capacity 4900K, committed 5120K, reserved 1056768K
  class space    used 197K, capacity 457K, committed 512K, reserved 1048576K
}

